TN:
SF:config\logger.js
FNF:0
FNH:0
DA:1,1
DA:2,1
DA:3,1
DA:4,1
DA:5,1
DA:6,1
DA:7,1
LF:7
LH:7
BRF:0
BRH:0
end_of_record
TN:
SF:controllers\cinemaController.js
FN:5,createCinema
FN:35,listAllCinemas
FN:47,getCinemaData
FN:65,listNamesOfCinemas
FNF:4
FNH:4
FNDA:1,createCinema
FNDA:1,listAllCinemas
FNDA:2,getCinemaData
FNDA:1,listNamesOfCinemas
DA:1,1
DA:2,1
DA:3,1
DA:4,1
DA:5,1
DA:6,1
DA:7,1
DA:8,1
DA:9,1
DA:10,1
DA:11,1
DA:12,1
DA:13,1
DA:14,1
DA:15,1
DA:16,1
DA:17,0
DA:18,0
DA:19,0
DA:20,0
DA:21,0
DA:22,0
DA:23,0
DA:24,0
DA:25,0
DA:26,0
DA:27,0
DA:28,0
DA:29,0
DA:30,0
DA:31,0
DA:32,0
DA:33,1
DA:34,1
DA:35,1
DA:36,1
DA:37,1
DA:38,1
DA:39,1
DA:40,1
DA:41,1
DA:42,0
DA:43,0
DA:44,0
DA:45,1
DA:46,1
DA:47,1
DA:48,2
DA:49,2
DA:50,2
DA:51,2
DA:52,2
DA:53,2
DA:54,1
DA:55,1
DA:56,1
DA:57,1
DA:58,1
DA:59,2
DA:60,0
DA:61,0
DA:62,0
DA:63,2
DA:64,1
DA:65,1
DA:66,1
DA:67,1
DA:68,1
DA:69,1
DA:70,1
DA:71,1
DA:72,0
DA:73,0
DA:74,0
DA:75,1
DA:76,1
DA:77,1
LF:77
LH:52
BRDA:5,0,0,1
BRDA:11,1,0,0
BRDA:11,2,0,0
BRDA:11,3,0,0
BRDA:11,4,0,0
BRDA:16,5,0,0
BRDA:35,6,0,1
BRDA:41,7,0,0
BRDA:47,8,0,2
BRDA:53,9,0,1
BRDA:59,10,0,0
BRDA:65,11,0,1
BRDA:71,12,0,0
BRF:13
BRH:5
end_of_record
TN:
SF:controllers\filmController.js
FN:5,createFilm
FN:38,changePremierStatus
FN:63,listAllFilms
FN:75,getFilmData
FN:96,listEnableFilms
FNF:5
FNH:5
FNDA:1,createFilm
FNDA:2,changePremierStatus
FNDA:1,listAllFilms
FNDA:2,getFilmData
FNDA:1,listEnableFilms
DA:1,1
DA:2,1
DA:3,1
DA:4,1
DA:5,1
DA:6,1
DA:7,1
DA:8,1
DA:9,1
DA:10,1
DA:11,1
DA:12,1
DA:13,1
DA:14,1
DA:15,1
DA:16,1
DA:17,0
DA:18,0
DA:19,0
DA:20,0
DA:21,0
DA:22,0
DA:23,0
DA:24,0
DA:25,0
DA:26,0
DA:27,0
DA:28,0
DA:29,0
DA:30,0
DA:31,0
DA:32,0
DA:33,0
DA:34,0
DA:35,0
DA:36,1
DA:37,1
DA:38,1
DA:39,2
DA:40,2
DA:41,2
DA:42,2
DA:43,2
DA:44,2
DA:45,2
DA:46,2
DA:47,2
DA:48,2
DA:49,1
DA:50,1
DA:51,1
DA:52,1
DA:53,1
DA:54,1
DA:55,1
DA:56,1
DA:57,2
DA:58,0
DA:59,0
DA:60,0
DA:61,2
DA:62,1
DA:63,1
DA:64,1
DA:65,1
DA:66,1
DA:67,1
DA:68,1
DA:69,1
DA:70,0
DA:71,0
DA:72,0
DA:73,1
DA:74,1
DA:75,1
DA:76,2
DA:77,2
DA:78,2
DA:79,2
DA:80,2
DA:81,2
DA:82,1
DA:83,1
DA:84,1
DA:85,1
DA:86,1
DA:87,1
DA:88,1
DA:89,1
DA:90,2
DA:91,0
DA:92,0
DA:93,0
DA:94,2
DA:95,1
DA:96,1
DA:97,1
DA:98,1
DA:99,1
DA:100,1
DA:101,1
DA:102,1
DA:103,1
DA:104,1
DA:105,0
DA:106,0
DA:107,0
DA:108,1
DA:109,1
DA:110,1
LF:110
LH:79
BRDA:5,0,0,1
BRDA:11,1,0,0
BRDA:11,2,0,0
BRDA:11,3,0,0
BRDA:16,4,0,0
BRDA:38,5,0,2
BRDA:48,6,0,1
BRDA:57,7,0,0
BRDA:63,8,0,1
BRDA:69,9,0,0
BRDA:75,10,0,2
BRDA:81,11,0,1
BRDA:90,12,0,0
BRDA:96,13,0,1
BRDA:104,14,0,0
BRF:15
BRH:7
end_of_record
TN:
SF:controllers\userController.js
FN:7,createToken
FN:11,loginUser
FN:41,registerUser
FN:83,updateUser
FN:131,getUserDate
FN:154,adminLogin
FN:174,getUserHistory
FN:195,rateFilm
FNF:8
FNH:8
FNDA:1,createToken
FNDA:3,loginUser
FNDA:2,registerUser
FNDA:1,updateUser
FNDA:2,getUserDate
FNDA:2,adminLogin
FNDA:1,getUserHistory
FNDA:2,rateFilm
DA:1,1
DA:2,1
DA:3,1
DA:4,1
DA:5,1
DA:6,1
DA:7,1
DA:8,1
DA:9,1
DA:10,1
DA:11,1
DA:12,3
DA:13,3
DA:14,3
DA:15,3
DA:16,3
DA:17,3
DA:18,3
DA:19,1
DA:20,1
DA:21,2
DA:22,2
DA:23,2
DA:24,3
DA:25,1
DA:26,1
DA:27,1
DA:28,1
DA:29,1
DA:30,1
DA:31,1
DA:32,3
DA:33,3
DA:34,0
DA:35,0
DA:36,0
DA:37,0
DA:38,0
DA:39,3
DA:40,1
DA:41,1
DA:42,2
DA:43,2
DA:44,2
DA:45,2
DA:46,2
DA:47,2
DA:48,2
DA:49,1
DA:50,1
DA:51,1
DA:52,1
DA:53,1
DA:54,1
DA:55,0
DA:56,0
DA:57,0
DA:58,0
DA:59,0
DA:60,0
DA:61,0
DA:62,0
DA:63,0
DA:64,0
DA:65,0
DA:66,0
DA:67,0
DA:68,0
DA:69,0
DA:70,0
DA:71,0
DA:72,0
DA:73,0
DA:74,0
DA:75,0
DA:76,0
DA:77,0
DA:78,0
DA:79,0
DA:80,0
DA:81,2
DA:82,1
DA:83,1
DA:84,1
DA:85,1
DA:86,1
DA:87,1
DA:88,1
DA:89,1
DA:90,1
DA:91,1
DA:92,1
DA:93,1
DA:94,1
DA:95,1
DA:96,1
DA:97,1
DA:98,1
DA:99,1
DA:100,1
DA:101,1
DA:102,1
DA:103,1
DA:104,1
DA:105,1
DA:106,1
DA:107,1
DA:108,1
DA:109,1
DA:110,1
DA:111,1
DA:112,1
DA:113,1
DA:114,1
DA:115,1
DA:116,1
DA:117,1
DA:118,1
DA:119,1
DA:120,1
DA:121,1
DA:122,1
DA:123,1
DA:124,0
DA:125,0
DA:126,0
DA:127,0
DA:128,0
DA:129,1
DA:130,1
DA:131,1
DA:132,2
DA:133,2
DA:134,2
DA:135,2
DA:136,2
DA:137,2
DA:138,2
DA:139,2
DA:140,2
DA:141,1
DA:142,1
DA:143,1
DA:144,1
DA:145,1
DA:146,2
DA:147,0
DA:148,0
DA:149,0
DA:150,0
DA:151,0
DA:152,2
DA:153,1
DA:154,1
DA:155,2
DA:156,2
DA:157,2
DA:158,2
DA:159,2
DA:160,1
DA:161,1
DA:162,1
DA:163,1
DA:164,1
DA:165,2
DA:166,2
DA:167,0
DA:168,0
DA:169,0
DA:170,0
DA:171,0
DA:172,2
DA:173,1
DA:174,1
DA:175,1
DA:176,1
DA:177,1
DA:178,1
DA:179,1
DA:180,1
DA:181,1
DA:182,0
DA:183,0
DA:184,1
DA:185,1
DA:186,1
DA:187,1
DA:188,0
DA:189,0
DA:190,0
DA:191,0
DA:192,0
DA:193,1
DA:194,1
DA:195,1
DA:196,2
DA:197,2
DA:198,2
DA:199,2
DA:200,2
DA:201,2
DA:202,1
DA:203,1
DA:204,1
DA:205,1
DA:206,1
DA:207,1
DA:208,1
DA:209,1
DA:210,1
DA:211,2
DA:212,0
DA:213,0
DA:214,1
DA:215,2
DA:216,0
DA:217,0
DA:218,1
DA:219,1
DA:220,1
DA:221,1
DA:222,1
DA:223,2
DA:224,0
DA:225,0
DA:226,0
DA:227,2
DA:228,1
DA:229,1
DA:230,1
LF:230
LH:170
BRDA:7,0,0,1
BRDA:11,1,0,3
BRDA:18,2,0,1
BRDA:20,3,0,2
BRDA:24,4,0,1
BRDA:33,5,0,0
BRDA:41,6,0,2
BRDA:48,7,0,1
BRDA:54,8,0,0
BRDA:83,9,0,1
BRDA:123,10,0,0
BRDA:131,11,0,2
BRDA:140,12,0,1
BRDA:146,13,0,0
BRDA:154,14,0,2
BRDA:159,15,0,1
BRDA:159,16,0,1
BRDA:166,17,0,0
BRDA:174,18,0,1
BRDA:181,19,0,0
BRDA:187,20,0,0
BRDA:195,21,0,2
BRDA:201,22,0,1
BRDA:211,23,0,0
BRDA:213,24,0,1
BRDA:215,25,0,0
BRDA:217,26,0,1
BRDA:223,27,0,0
BRDA:207,28,0,1
BRF:29
BRH:19
end_of_record
TN:
SF:middleware\adminAuth.js
FN:4,adminAuth
FNF:1
FNH:1
FNDA:3,adminAuth
DA:1,1
DA:2,1
DA:3,1
DA:4,1
DA:5,3
DA:6,3
DA:7,3
DA:8,1
DA:9,1
DA:10,2
DA:11,3
DA:12,1
DA:13,1
DA:14,0
DA:15,3
DA:16,1
DA:17,0
DA:18,0
DA:19,1
DA:20,1
DA:21,3
DA:22,1
DA:23,1
LF:23
LH:20
BRDA:4,0,0,3
BRDA:7,1,0,1
BRDA:9,2,0,2
BRDA:11,3,0,1
BRDA:13,4,0,0
BRDA:15,5,0,1
BRDA:16,6,0,0
BRF:7
BRH:5
end_of_record
TN:
SF:middleware\auth.js
FN:4,authUser
FNF:1
FNH:1
FNDA:3,authUser
DA:1,1
DA:2,1
DA:3,1
DA:4,1
DA:5,3
DA:6,3
DA:7,3
DA:8,3
DA:9,1
DA:10,1
DA:11,2
DA:12,2
DA:13,2
DA:14,2
DA:15,2
DA:16,2
DA:17,2
DA:18,3
DA:19,1
DA:20,0
DA:21,0
DA:22,1
DA:23,1
DA:24,3
DA:25,3
DA:26,1
DA:27,1
LF:27
LH:25
BRDA:4,0,0,3
BRDA:8,1,0,1
BRDA:10,2,0,2
BRDA:18,3,0,1
BRDA:19,4,0,0
BRF:5
BRH:4
end_of_record
TN:
SF:services\recommendation\collaborative.js
FN:4,buildRatingMap
FN:16,collaborativeScore
FNF:2
FNH:1
FNDA:2,buildRatingMap
FNDA:0,collaborativeScore
DA:1,1
DA:2,1
DA:3,1
DA:4,1
DA:5,2
DA:6,2
DA:7,2
DA:8,4
DA:9,2
DA:10,2
DA:11,4
DA:12,2
DA:13,2
DA:14,2
DA:15,1
DA:16,1
DA:17,0
DA:18,0
DA:19,0
DA:20,0
DA:21,0
DA:22,0
DA:23,0
DA:24,0
DA:25,0
DA:26,0
DA:27,0
DA:28,0
DA:29,0
DA:30,0
DA:31,0
DA:32,0
DA:33,0
DA:34,0
DA:35,0
DA:36,0
DA:37,0
DA:38,0
DA:39,0
DA:40,0
DA:41,0
DA:42,0
DA:43,0
DA:44,0
DA:45,0
DA:46,0
DA:47,0
DA:48,0
DA:49,0
DA:50,0
DA:51,0
DA:52,0
DA:53,0
DA:54,0
DA:55,0
DA:56,0
DA:57,0
DA:58,0
DA:59,0
DA:60,0
DA:61,0
DA:62,0
DA:63,0
DA:64,0
DA:65,0
DA:66,0
DA:67,0
DA:68,0
DA:69,0
DA:70,0
DA:71,0
DA:72,0
DA:73,0
DA:74,1
DA:75,1
LF:75
LH:18
BRDA:4,0,0,2
BRDA:7,1,0,0
BRDA:7,2,0,4
BRDA:8,3,0,3
BRDA:8,4,0,2
BRF:5
BRH:4
end_of_record
TN:
SF:services\recommendation\contentBased.js
FN:4,buildUserVector
FN:37,buildFilmVector
FN:45,contentBasedScore
FNF:3
FNH:2
FNDA:1,buildUserVector
FNDA:1,buildFilmVector
FNDA:0,contentBasedScore
DA:1,1
DA:2,1
DA:3,1
DA:4,1
DA:5,1
DA:6,1
DA:7,1
DA:8,1
DA:9,1
DA:10,1
DA:11,1
DA:12,1
DA:13,1
DA:14,1
DA:15,1
DA:16,1
DA:17,1
DA:18,2
DA:19,2
DA:20,2
DA:21,1
DA:22,1
DA:23,1
DA:24,1
DA:25,1
DA:26,1
DA:27,1
DA:28,1
DA:29,1
DA:30,3
DA:31,3
DA:32,1
DA:33,1
DA:34,1
DA:35,1
DA:36,1
DA:37,1
DA:38,1
DA:39,1
DA:40,2
DA:41,2
DA:42,1
DA:43,1
DA:44,1
DA:45,1
DA:46,0
DA:47,0
DA:48,0
DA:49,0
DA:50,0
DA:51,0
DA:52,0
DA:53,0
DA:54,0
DA:55,0
DA:56,0
DA:57,0
DA:58,0
DA:59,0
DA:60,0
DA:61,0
DA:62,0
DA:63,1
DA:64,1
LF:64
LH:47
BRDA:4,0,0,1
BRDA:9,1,0,0
BRDA:11,2,0,0
BRDA:15,3,0,0
BRDA:17,4,0,2
BRDA:23,5,0,0
BRDA:29,6,0,3
BRDA:37,7,0,1
BRDA:39,8,0,0
BRDA:39,9,0,2
BRF:10
BRH:5
end_of_record
TN:
SF:services\recommendation\scoring.js
FN:1,finalScore
FNF:1
FNH:1
FNDA:2,finalScore
DA:1,1
DA:2,2
DA:3,2
DA:4,2
DA:5,2
DA:6,2
DA:7,2
DA:8,2
DA:9,2
DA:10,2
DA:11,2
DA:12,2
DA:13,1
DA:14,1
LF:14
LH:14
BRDA:1,0,0,2
BRF:1
BRH:1
end_of_record
TN:
SF:services\recommendation\similarity.js
FN:1,cosineSimilarity
FNF:1
FNH:1
FNDA:3,cosineSimilarity
DA:1,1
DA:2,3
DA:3,3
DA:4,3
DA:5,3
DA:6,3
DA:7,3
DA:8,3
DA:9,3
DA:10,3
DA:11,3
DA:12,3
DA:13,5
DA:14,5
DA:15,5
DA:16,5
DA:17,5
DA:18,5
DA:19,5
DA:20,5
DA:21,5
DA:22,3
DA:23,3
DA:24,1
DA:25,1
DA:26,2
DA:27,2
DA:28,2
DA:29,2
DA:30,2
DA:31,2
DA:32,1
DA:33,1
LF:33
LH:33
BRDA:1,0,0,3
BRDA:12,1,0,5
BRDA:14,2,0,2
BRDA:15,3,0,1
BRDA:23,4,0,2
BRDA:23,5,0,1
BRDA:25,6,0,2
BRF:7
BRH:7
end_of_record
TN:
SF:utils\recommendationLogger.js
FN:10,clearRecommendationLog
FN:20,recommendationLog
FNF:2
FNH:0
FNDA:0,clearRecommendationLog
FNDA:0,recommendationLog
DA:1,1
DA:2,1
DA:3,1
DA:4,1
DA:5,1
DA:6,1
DA:7,1
DA:8,1
DA:9,1
DA:10,1
DA:11,0
DA:12,0
DA:13,0
DA:14,0
DA:15,0
DA:16,0
DA:17,0
DA:18,0
DA:19,1
DA:20,1
DA:21,0
DA:22,0
DA:23,0
DA:24,0
DA:25,0
DA:26,0
DA:27,0
DA:28,0
DA:29,0
DA:30,0
DA:31,0
DA:32,1
DA:33,1
DA:34,1
DA:35,1
DA:36,1
LF:36
LH:17
BRF:0
BRH:0
end_of_record
